
Xvnc TigerVNC 1.14.1 - built Oct 29 2024 03:31:59
Copyright (C) 1999-2024 TigerVNC Team and many others (see README.rst)
See https://www.tigervnc.org for information on TigerVNC.
Underlying X server release 12101008

Built without GBM support
Failed to initialize DRI3 extension
Sync Extension 3.1

Sat Jan  4 11:25:29 2025
 vncext:      VNC extension running!
 vncext:      Listening for VNC connections on all interface(s), port 5901
 vncext:      created VNC server for screen 0
[dix] Could not init font path element /data/data/com.termux/files/usr/share/fonts/misc/, removing from list!
[dix] Could not init font path element /data/data/com.termux/files/usr/share/fonts/TTF/, removing from list!
[dix] Could not init font path element /data/data/com.termux/files/usr/share/fonts/OTF/, removing from list!
[dix] Could not init font path element /data/data/com.termux/files/usr/share/fonts/Type1/, removing from list!
[dix] Could not init font path element /data/data/com.termux/files/usr/share/fonts/100dpi/, removing from list!
[dix] Could not init font path element /data/data/com.termux/files/usr/share/fonts/75dpi/, removing from list!
Popen: `"/data/data/com.termux/files/usr/bin/xkbcomp" -w 1 "-R/data/data/com.termux/files/usr/share/X11/xkb" -xkm "-" -em1 "The XKEYBOARD keymap compiler (xkbcomp) reports:" -emp "> " -eml "Errors from xkbcomp are not fatal to the X server" "/data/data/com.termux/files/usr/tmp/server-1.xkm"', fp = 0xf4d37060
Pclose: fp = 0xf4d37060
Loaded XKB keymap /data/data/com.termux/files/usr/tmp/server-1.xkm, defined=0x7f
client(0): Reserved pid(16641).
client(0): Reserved cmdname(/data/data/com.termux/files/usr/bin/Xvnc) and cmdargs(:1 -geometry 1920x1020 -auth /data/data/com.termux/files/home/.Xauthority -desktop i-Haklab -rfbauth /data/data/com.termux/files/home/.vnc/passwd -rfbport 590).
[mi] mieq: warning: overriding existing handler 0x0 with 0xcb639f5 for event 2
[mi] mieq: warning: overriding existing handler 0x0 with 0xcb639f5 for event 3
client(200000): Reserved pid(16647).
client(200000): Reserved cmdname(/data/data/com.termux/files/usr/bin/openbox) and cmdargs(--startup /data/data/com.termux/files/usr/libexec/openbox-autostart OPENBO).
AllocNewConnection: client index = 1, socket fd = 6, local = 1
client(400000): Reserved pid(16657).
client(400000): Reserved cmdname(feh) and cmdargs(--no-fehbg --bg-scale /data/data/com.termux/files/home/.local/share/backgrounds/Default.pn).
AllocNewConnection: client index = 2, socket fd = 9, local = 1
client(600000): Reserved pid(16655).
client(600000): Reserved cmdname(xfsettings) and cmdargs(NULL).
AllocNewConnection: client index = 3, socket fd = 10, local = 1
client(800000): Reserved pid(16654).
client(800000): Reserved cmdname(xfce4-termina) and cmdargs(NULL).
AllocNewConnection: client index = 4, socket fd = 11, local = 1
client(a00000): Reserved pid(16660).
client(a00000): Reserved cmdname(dbus-launch) and cmdargs(--autolaunch=e72e0704d6e3e02cef98a109671e5f7a --binary-syntax --close-stder).
AllocNewConnection: client index = 5, socket fd = 12, local = 1
client(c00000): Reserved pid(16666).
client(c00000): Reserved cmdname(dbus-launch) and cmdargs(--autolaunch=e72e0704d6e3e02cef98a109671e5f7a --binary-syntax --close-stder).
AllocNewConnection: client index = 6, socket fd = 13, local = 1
client(e00000): Reserved pid(16669).
client(e00000): Reserved cmdname(dbus-launch) and cmdargs(--autolaunch=e72e0704d6e3e02cef98a109671e5f7a --binary-syntax --close-stder).
AllocNewConnection: client index = 7, socket fd = 14, local = 1
client(1000000): Reserved pid(16673).
client(1000000): Reserved cmdname(dbus-launch) and cmdargs(--autolaunch=e72e0704d6e3e02cef98a109671e5f7a --binary-syntax --close-stder).
AllocNewConnection: client index = 8, socket fd = 15, local = 1
client(1000000): Released pid(16673).
client(1000000): Released cmdline(dbus-launch) and cmdargs(--autolaunch=e72e0704d6e3e02cef98a109671e5f7a --binary-syntax --close-stder).
client(1000000): Reserved pid(16657).
client(1000000): Reserved cmdname(feh) and cmdargs(--no-fehbg --bg-scale /data/data/com.termux/files/home/.local/share/backgrounds/Default.pn).
AllocNewConnection: client index = 8, socket fd = 15, local = 1
client(400000): Released pid(16657).
client(400000): Released cmdline(feh) and cmdargs(--no-fehbg --bg-scale /data/data/com.termux/files/home/.local/share/backgrounds/Default.pn).

(xfce4-terminal:16654): xfce4-terminal-WARNING **: 11:25:32.720: Failed to connect to session manager: Failed to connect to the session manager: SESSION_MANAGER environment variable not defined
client(400000): Reserved pid(16696).
client(400000): Reserved cmdname(dbus-launch) and cmdargs(--autolaunch=e72e0704d6e3e02cef98a109671e5f7a --binary-syntax --close-stder).
AllocNewConnection: client index = 2, socket fd = 9, local = 1
client(400000): Released pid(16696).
client(400000): Released cmdline(dbus-launch) and cmdargs(--autolaunch=e72e0704d6e3e02cef98a109671e5f7a --binary-syntax --close-stder).
client(400000): Reserved pid(16695).
client(400000): Reserved cmdname(polybar) and cmdargs(main -c /data/data/com.termux/files/home/.config/polybar/default/config.in).
AllocNewConnection: client index = 2, socket fd = 9, local = 1
polybar|notice:  Parsing config file: /data/data/com.termux/files/home/.config/polybar/default/config.ini
polybar|warn:  No monitor specified, using "VNC-0"
polybar|warn:  The config parameter 'settings.throttle-input-for' is deprecated, it will be removed in the future. Please remove it from your config
polybar|warn:  The config parameter 'settings.throttle-output' is deprecated, it will be removed in the future. Please remove it from your config
polybar|warn:  The config parameter 'settings.throttle-output-for' is deprecated, it will be removed in the future. Please remove it from your config
polybar|notice:  Loading module 'sepL' of type 'custom/text'
polybar|error: Invalid value for "settings.format-spacing", using default value (reason: stof: no conversion)
polybar|error: Invalid value for "settings.format-padding", using default value (reason: stof: no conversion)
polybar|error: Invalid value for "settings.format-margin", using default value (reason: stof: no conversion)
polybar|error: Invalid value for "settings.format-offset", using default value (reason: stof: no conversion)
polybar|notice:  Loading module 'menu' of type 'custom/text'
polybar|error: Invalid value for "settings.format-spacing", using default value (reason: stof: no conversion)
polybar|error: Invalid value for "settings.format-padding", using default value (reason: stof: no conversion)
polybar|error: Invalid value for "settings.format-margin", using default value (reason: stof: no conversion)
polybar|error: Invalid value for "settings.format-offset", using default value (reason: stof: no conversion)
polybar|error: Invalid value for "settings.format-spacing", using default value (reason: stof: no conversion)
polybar|error: Invalid value for "settings.format-padding", using default value (reason: stof: no conversion)
polybar|error: Invalid value for "settings.format-margin", using default value (reason: stof: no conversion)
polybar|error: Invalid value for "settings.format-offset", using default value (reason: stof: no conversion)
polybar|warn:  The config parameter `module/menu.content` is deprecated, use `module/menu.format` instead.
polybar|notice:  Loading module '1LD' of type 'custom/text'
polybar|error: Invalid value for "settings.format-spacing", using default value (reason: stof: no conversion)
polybar|error: Invalid value for "settings.format-padding", using default value (reason: stof: no conversion)
polybar|error: Invalid value for "settings.format-margin", using default value (reason: stof: no conversion)
polybar|error: Invalid value for "settings.format-offset", using default value (reason: stof: no conversion)
polybar|notice:  Loading module 'openbox' of type 'internal/xworkspaces'
client(1200000): Reserved pid(16687).
client(1200000): Reserved cmdname(thunar) and cmdargs(--daemo).
AllocNewConnection: client index = 9, socket fd = 16, local = 1
polybar|error: Invalid value for "settings.format-spacing", using default value (reason: stof: no conversion)
polybar|error: Invalid value for "settings.format-padding", using default value (reason: stof: no conversion)
polybar|error: Invalid value for "settings.format-margin", using default value (reason: stof: no conversion)
polybar|error: Invalid value for "settings.format-offset", using default value (reason: stof: no conversion)
polybar|notice:  Loading module '2LD' of type 'custom/text'
polybar|error: Invalid value for "settings.format-spacing", using default value (reason: stof: no conversion)
polybar|error: Invalid value for "settings.format-padding", using default value (reason: stof: no conversion)
polybar|error: Invalid value for "settings.format-margin", using default value (reason: stof: no conversion)
polybar|error: Invalid value for "settings.format-offset", using default value (reason: stof: no conversion)
polybar|notice:  Loading module 'memory' of type 'internal/memory'
polybar|error: Invalid value for "settings.format-spacing", using default value (reason: stof: no conversion)
polybar|error: Invalid value for "settings.format-padding", using default value (reason: stof: no conversion)
polybar|error: Invalid value for "settings.format-margin", using default value (reason: stof: no conversion)
polybar|error: Invalid value for "settings.format-offset", using default value (reason: stof: no conversion)
polybar|notice:  Loading module '3LD' of type 'custom/text'
polybar|error: Invalid value for "settings.format-spacing", using default value (reason: stof: no conversion)
polybar|error: Invalid value for "settings.format-padding", using default value (reason: stof: no conversion)
polybar|error: Invalid value for "settings.format-margin", using default value (reason: stof: no conversion)
polybar|error: Invalid value for "settings.format-offset", using default value (reason: stof: no conversion)
polybar|notice:  Loading module 'filesystem' of type 'internal/fs'
polybar|error: Invalid value for "settings.format-spacing", using default value (reason: stof: no conversion)
polybar|error: Invalid value for "settings.format-padding", using default value (reason: stof: no conversion)
polybar|error: Invalid value for "settings.format-margin", using default value (reason: stof: no conversion)
polybar|error: Invalid value for "settings.format-offset", using default value (reason: stof: no conversion)
polybar|error: Invalid value for "settings.format-spacing", using default value (reason: stof: no conversion)
polybar|error: Invalid value for "settings.format-padding", using default value (reason: stof: no conversion)
polybar|error: Invalid value for "settings.format-margin", using default value (reason: stof: no conversion)
polybar|error: Invalid value for "settings.format-offset", using default value (reason: stof: no conversion)
polybar|notice:  Loading module '4LD' of type 'custom/text'
polybar|error: Invalid value for "settings.format-spacing", using default value (reason: stof: no conversion)
polybar|error: Invalid value for "settings.format-padding", using default value (reason: stof: no conversion)
polybar|error: Invalid value for "settings.format-margin", using default value (reason: stof: no conversion)
polybar|error: Invalid value for "settings.format-offset", using default value (reason: stof: no conversion)
polybar|notice:  Loading module '5LD' of type 'custom/text'
polybar|error: Invalid value for "settings.format-spacing", using default value (reason: stof: no conversion)
polybar|error: Invalid value for "settings.format-padding", using default value (reason: stof: no conversion)
polybar|error: Invalid value for "settings.format-margin", using default value (reason: stof: no conversion)
polybar|error: Invalid value for "settings.format-offset", using default value (reason: stof: no conversion)
polybar|notice:  Loading module '2RD' of type 'custom/text'
polybar|error: Invalid value for "settings.format-spacing", using default value (reason: stof: no conversion)
polybar|error: Invalid value for "settings.format-padding", using default value (reason: stof: no conversion)
polybar|error: Invalid value for "settings.format-margin", using default value (reason: stof: no conversion)
polybar|error: Invalid value for "settings.format-offset", using default value (reason: stof: no conversion)
polybar|notice:  Loading module '3RD' of type 'custom/text'
polybar|error: Invalid value for "settings.format-spacing", using default value (reason: stof: no conversion)
polybar|error: Invalid value for "settings.format-padding", using default value (reason: stof: no conversion)
polybar|error: Invalid value for "settings.format-margin", using default value (reason: stof: no conversion)
polybar|error: Invalid value for "settings.format-offset", using default value (reason: stof: no conversion)
polybar|notice:  Loading module '4RD' of type 'custom/text'
polybar|error: Invalid value for "settings.format-spacing", using default value (reason: stof: no conversion)
polybar|error: Invalid value for "settings.format-padding", using default value (reason: stof: no conversion)
polybar|error: Invalid value for "settings.format-margin", using default value (reason: stof: no conversion)
polybar|error: Invalid value for "settings.format-offset", using default value (reason: stof: no conversion)
polybar|notice:  Loading module '5RD' of type 'custom/text'
polybar|error: Invalid value for "settings.format-spacing", using default value (reason: stof: no conversion)
polybar|error: Invalid value for "settings.format-padding", using default value (reason: stof: no conversion)
polybar|error: Invalid value for "settings.format-margin", using default value (reason: stof: no conversion)
polybar|error: Invalid value for "settings.format-offset", using default value (reason: stof: no conversion)
polybar|notice:  Loading module 'checknetwork' of type 'custom/script'
polybar|error: Invalid value for "settings.format-spacing", using default value (reason: stof: no conversion)
polybar|error: Invalid value for "settings.format-padding", using default value (reason: stof: no conversion)
polybar|error: Invalid value for "settings.format-margin", using default value (reason: stof: no conversion)
polybar|error: Invalid value for "settings.format-offset", using default value (reason: stof: no conversion)
polybar|notice:  Loading module '6RD' of type 'custom/text'
polybar|error: Invalid value for "settings.format-spacing", using default value (reason: stof: no conversion)
polybar|error: Invalid value for "settings.format-padding", using default value (reason: stof: no conversion)
polybar|error: Invalid value for "settings.format-margin", using default value (reason: stof: no conversion)
polybar|error: Invalid value for "settings.format-offset", using default value (reason: stof: no conversion)
polybar|notice:  Loading module 'date' of type 'internal/date'
polybar|error: Invalid value for "settings.format-spacing", using default value (reason: stof: no conversion)
polybar|error: Invalid value for "settings.format-padding", using default value (reason: stof: no conversion)
polybar|error: Invalid value for "settings.format-margin", using default value (reason: stof: no conversion)
polybar|error: Invalid value for "settings.format-offset", using default value (reason: stof: no conversion)
polybar|notice:  Loading module '7RD' of type 'custom/text'
polybar|error: Invalid value for "settings.format-spacing", using default value (reason: stof: no conversion)
polybar|error: Invalid value for "settings.format-padding", using default value (reason: stof: no conversion)
polybar|error: Invalid value for "settings.format-margin", using default value (reason: stof: no conversion)
polybar|error: Invalid value for "settings.format-offset", using default value (reason: stof: no conversion)
polybar|notice:  Loading module 'sysmenu' of type 'custom/text'
polybar|error: Invalid value for "settings.format-spacing", using default value (reason: stof: no conversion)
polybar|error: Invalid value for "settings.format-padding", using default value (reason: stof: no conversion)
polybar|error: Invalid value for "settings.format-margin", using default value (reason: stof: no conversion)
polybar|error: Invalid value for "settings.format-offset", using default value (reason: stof: no conversion)
polybar|error: Invalid value for "settings.format-spacing", using default value (reason: stof: no conversion)
polybar|error: Invalid value for "settings.format-padding", using default value (reason: stof: no conversion)
polybar|error: Invalid value for "settings.format-margin", using default value (reason: stof: no conversion)
polybar|error: Invalid value for "settings.format-offset", using default value (reason: stof: no conversion)
polybar|warn:  The config parameter `module/sysmenu.content` is deprecated, use `module/sysmenu.format` instead.
polybar|notice:  Loading module 'sepR' of type 'custom/text'
polybar|error: Invalid value for "settings.format-spacing", using default value (reason: stof: no conversion)
polybar|error: Invalid value for "settings.format-padding", using default value (reason: stof: no conversion)
polybar|error: Invalid value for "settings.format-margin", using default value (reason: stof: no conversion)
polybar|error: Invalid value for "settings.format-offset", using default value (reason: stof: no conversion)
polybar|notice:  Loaded 20 modules
polybar|notice:  Loaded font "Iosevka Nerd Font:size=10" (name=Iosevka, offset=3, file=/data/data/com.termux/files/home/.fonts/icons/iosevka-nerd-font.ttf)
polybar|notice:  Loaded font "Iosevka Nerd Font:size=12" (name=Iosevka, offset=3, file=/data/data/com.termux/files/home/.fonts/icons/iosevka-nerd-font.ttf)
polybar|notice:  Loaded font "Iosevka Nerd Font:size=20" (name=Iosevka, offset=5, file=/data/data/com.termux/files/home/.fonts/icons/iosevka-nerd-font.ttf)
polybar|warn:  tray: bar/main.tray-position is deprecated, use the dedicated tray module to display the system tray
polybar|warn:  tray: bar/main.tray-detached is deprecated, use the dedicated tray module to display the system tray
polybar|warn:  tray: bar/main.tray-maxsize is deprecated, use the dedicated tray module to display the system tray
polybar|warn:  tray: bar/main.tray-scale is deprecated, use the dedicated tray module to display the system tray
polybar|warn:  tray: bar/main.tray-background is deprecated, use the dedicated tray module to display the system tray
polybar|warn:  tray: bar/main.tray-padding is deprecated, use the dedicated tray module to display the system tray
polybar|warn:  tray: bar/main.tray-offset-x is deprecated, use the dedicated tray module to display the system tray
polybar|warn:  tray: bar/main.tray-offset-y is deprecated, use the dedicated tray module to display the system tray
polybar|error: tray: Failed to put tray above 0x0400001 in the stack (XCB_MATCH (8))
client(a00000): Released pid(16660).
client(a00000): Released cmdline(dbus-launch) and cmdargs(--autolaunch=e72e0704d6e3e02cef98a109671e5f7a --binary-syntax --close-stder).
client(a00000): Reserved pid(16655).
client(a00000): Reserved cmdname(xfsettings) and cmdargs(NULL).
AllocNewConnection: client index = 5, socket fd = 12, local = 1
client(a00000): Released pid(16655).
client(a00000): Released cmdline(xfsettings) and cmdargs(NULL).
client(a00000): Reserved pid(16655).
client(a00000): Reserved cmdname(xfsettings) and cmdargs(NULL).
AllocNewConnection: client index = 5, socket fd = 12, local = 1

Sat Jan  4 11:25:35 2025
 ComparingUpdateTracker: 0 pixels in / 0 pixels out
 ComparingUpdateTracker: (1:nan ratio)

(xfsettingsd:16655): xfsettingsd-WARNING **: 11:25:35.937: Failed to connect to session manager: Failed to connect to the session manager: SESSION_MANAGER environment variable not defined
client(a00000): Released pid(16655).
client(a00000): Released cmdline(xfsettings) and cmdargs(NULL).

Sat Jan  4 11:25:37 2025
 Connections: accepted: 127.0.0.1::42018
 SConnection: Client needs protocol version 3.8
 SConnection: Client requests security type VncAuth(2)

Sat Jan  4 11:25:44 2025
 VNCSConnST:  Server default pixel format depth 24 (32bpp) little-endian rgb888
 VNCSConnST:  Client pixel format depth 6 (8bpp) rgb222
client(a00000): Reserved pid(17037).
client(a00000): Reserved cmdname(rofi) and cmdargs(-theme default/powermenu.rasi -p UP - 1 day, 3 hours, 23 minutes -dmenu -selected-row ).
AllocNewConnection: client index = 5, socket fd = 17, local = 1
client(a00000): Released pid(17037).
client(a00000): Released cmdline(rofi) and cmdargs(-theme default/powermenu.rasi -p UP - 1 day, 3 hours, 23 minutes -dmenu -selected-row ).

Sat Jan  4 11:26:32 2025
 VNCSConnST:  closing 127.0.0.1::42018: Clean disconnection
 EncodeManager: Framebuffer updates: 185
 EncodeManager:   RRE:
 EncodeManager:     Solid: 818 rects, 1.16237 Mpixels
 EncodeManager:            13.5801 KiB (1:84.2932 ratio)
 EncodeManager:   ZRLE:
 EncodeManager:     Bitmap RLE: 511 rects, 381.965 kpixels
 EncodeManager:                 15.4404 KiB (1:24.546 ratio)
 EncodeManager:     Indexed RLE: 2.082 krects, 7.21145 Mpixels
 EncodeManager:                  163.057 KiB (1:43.3397 ratio)
 EncodeManager:     Full Colour: 44 rects, 1.722 kpixels
 EncodeManager:                  1.40918 KiB (1:1.55925 ratio)
 EncodeManager:   Total: 3.455 krects, 8.7575 Mpixels
 EncodeManager:          193.486 KiB (1:44.41 ratio)
 Connections: closed: 127.0.0.1::42018
 ComparingUpdateTracker: 41.189 Mpixels in / 6.78167 Mpixels out
 ComparingUpdateTracker: (1:6.07357 ratio)
polybar|notice:  Received signal(15): Terminated
polybar|notice:  Termination signal received, shutting down...
client(400000): Released pid(16695).
client(400000): Released cmdline(polybar) and cmdargs(main -c /data/data/com.termux/files/home/.config/polybar/default/config.in).
X connection to :1 broken (explicit kill or server shutdown).
client(200000): Released pid(16647).
client(200000): Released cmdline(/data/data/com.termux/files/usr/bin/openbox) and cmdargs(--startup /data/data/com.termux/files/usr/libexec/openbox-autostart OPENBO).
client(600000): Released pid(16655).
client(600000): Released cmdline(xfsettings) and cmdargs(NULL).
client(800000): Released pid(16654).
client(800000): Released cmdline(xfce4-termina) and cmdargs(NULL).
client(c00000): Released pid(16666).
client(c00000): Released cmdline(dbus-launch) and cmdargs(--autolaunch=e72e0704d6e3e02cef98a109671e5f7a --binary-syntax --close-stder).
client(e00000): Released pid(16669).
client(e00000): Released cmdline(dbus-launch) and cmdargs(--autolaunch=e72e0704d6e3e02cef98a109671e5f7a --binary-syntax --close-stder).
client(1000000): Released pid(16657).
client(1000000): Released cmdline(feh) and cmdargs(--no-fehbg --bg-scale /data/data/com.termux/files/home/.local/share/backgrounds/Default.pn).
client(1200000): Released pid(16687).
client(1200000): Released cmdline(thunar) and cmdargs(--daemo).

Sat Jan  4 11:34:29 2025
 ComparingUpdateTracker: 0 pixels in / 0 pixels out
 ComparingUpdateTracker: (1:nan ratio)
(dix) removing device 2
(dix) removing device 3
(dix) removing device 5
(dix) removing device 4
(dix) removing device 7
(dix) removing device 6
client(0): Released pid(16641).
client(0): Released cmdline(/data/data/com.termux/files/usr/bin/Xvnc) and cmdargs(:1 -geometry 1920x1020 -auth /data/data/com.termux/files/home/.Xauthority -desktop i-Haklab -rfbauth /data/data/com.termux/files/home/.vnc/passwd -rfbport 590).
